<?xml version="1.0" encoding="UTF-8"?>
<!-- Generated by org.testng.reporters.JUnitReportReporter -->
<testsuite hostname="LAPTOP-VOS5FRST" failures="0" tests="1" name="Automation.Venture.AppTest" time="0.012" errors="0" timestamp="2021-02-15T17:54:06 IST" skipped="0">
  <testcase classname="Automation.Venture.AppTest" name="shouldAnswerWithTrue" time="0.012"/>
  <system-out/>
</testsuite> <!-- Automation.Venture.AppTest -->
