<?xml version="1.0" encoding="UTF-8"?>
<!-- Generated by org.testng.reporters.JUnitReportReporter -->
<testsuite hostname="LAPTOP-VOS5FRST" failures="0" tests="1" name="testcases.corousel" time="14.254" errors="0" timestamp="2021-02-19T14:35:13 IST" skipped="0">
  <testcase classname="testcases.corousel" name="fundlink" time="14.254"/>
  <system-out/>
</testsuite> <!-- testcases.corousel -->
