<?xml version="1.0" encoding="UTF-8"?>
<!-- Generated by org.testng.reporters.JUnitReportReporter -->
<testsuite hostname="LAPTOP-VOS5FRST" failures="0" tests="1" name="testcases.knowmore" time="10.188" errors="0" timestamp="2021-02-04T16:45:34 IST" skipped="0">
  <testcase classname="testcases.knowmore" name="know" time="10.188"/>
  <system-out/>
</testsuite> <!-- testcases.knowmore -->
