<?xml version="1.0" encoding="UTF-8"?>
<!-- Generated by org.testng.reporters.JUnitReportReporter -->
<testsuite hostname="LAPTOP-VOS5FRST" failures="0" tests="1" name="testcases.invest" time="11.314" errors="0" timestamp="2021-02-04T17:58:02 IST" skipped="0">
  <testcase classname="testcases.invest" name="funded" time="11.314"/>
  <system-out/>
</testsuite> <!-- testcases.invest -->
