<?xml version="1.0" encoding="UTF-8"?>
<!-- Generated by org.testng.reporters.JUnitReportReporter -->
<testsuite hostname="LAPTOP-VOS5FRST" failures="0" tests="3" name="testcases.corousel" time="0.000" errors="0" timestamp="2021-03-09T18:03:48 IST" skipped="3">
  <testcase classname="testcases.corousel" name="crouseltestbackward" time="0.000">
    <skipped/>
  </testcase> <!-- crouseltestbackward -->
  <system-out/>
  <testcase classname="testcases.corousel" name="crouseltestforward" time="0.000">
    <skipped/>
  </testcase> <!-- crouseltestforward -->
  <system-out/>
  <testcase classname="testcases.corousel" name="fundlink" time="0.000">
    <skipped/>
  </testcase> <!-- fundlink -->
  <system-out/>
</testsuite> <!-- testcases.corousel -->
